<?xml version="1.0" encoding="UTF-8"?>
<!-- Generated by org.testng.reporters.JUnitXMLReporter -->
<testsuite hostname="BNWINBGDELLL074" ignored="1" name="Test" tests="1" failures="1" timestamp="23 Sep 2019 10:10:42 GMT" time="7.205" errors="0">
  <testcase name="regression_CategoryLists" time="6.237" classname="Testcase.RegressionTest">
    <failure type="java.lang.AssertionError" message="Test case fail">
      <![CDATA[java.lang.AssertionError: Test case fail
at functaionalities.Cart.createAuth(Cart.java:52)
at Testcase.RegressionTest.regression_CategoryLists(RegressionTest.java:38)
... Removed 26 stack frames]]>
    </failure>
  </testcase> <!-- regression_CategoryLists -->
  <testcase name="regression_Content" time="0.0" classname="Testcase.RegressionTest">
    <ignored/>
  </testcase> <!-- regression_Content -->
</testsuite> <!-- Test -->
